<?xml version="1.0" encoding="UTF-8"?>
<!-- Generated by org.testng.reporters.JUnitReportReporter -->
<testsuite hostname="LAXMAN" failures="0" tests="8" name="cucumber.options.testRunner" time="184.868" errors="0" timestamp="2024-06-19T10:11:08 IST" skipped="0">
  <testcase classname="cucumber.options.testRunner" name="runScenario" time="20.150"/>
  <testcase classname="cucumber.options.testRunner" name="runScenario" time="37.398"/>
  <testcase classname="cucumber.options.testRunner" name="runScenario" time="22.952"/>
  <testcase classname="cucumber.options.testRunner" name="runScenario" time="29.057"/>
  <testcase classname="cucumber.options.testRunner" name="runScenario" time="19.901"/>
  <testcase classname="cucumber.options.testRunner" name="runScenario" time="18.617"/>
  <testcase classname="cucumber.options.testRunner" name="runScenario" time="19.909"/>
  <testcase classname="cucumber.options.testRunner" name="runScenario" time="16.884"/>
</testsuite> <!-- cucumber.options.testRunner -->
