<?xml version="1.0" encoding="UTF-8"?>
<!-- Generated by org.testng.reporters.JUnitReportReporter -->
<testsuite hostname="LAXMAN" failures="0" tests="1" name="cucumber.options.testRunner" time="29.721" errors="0" timestamp="2024-06-13T21:44:33 IST" skipped="0">
  <testcase classname="cucumber.options.testRunner" name="runScenario" time="29.721"/>
</testsuite> <!-- cucumber.options.testRunner -->
