<?xml version="1.0" encoding="UTF-8"?>
<!-- Generated by org.testng.reporters.JUnitReportReporter -->
<testsuite hostname="LAXMAN" failures="0" tests="1" name="cucumber.options.testRunner" time="22.608" errors="0" timestamp="2024-06-22T11:49:12 IST" skipped="0">
  <testcase classname="cucumber.options.testRunner" name="runScenario" time="22.608"/>
</testsuite> <!-- cucumber.options.testRunner -->
