<?xml version="1.0" encoding="UTF-8"?>
<!-- Generated by org.testng.reporters.JUnitReportReporter -->
<testsuite hostname="LAXMAN" failures="0" tests="1" name="cucumber.options.testRunner" time="17.592" errors="0" timestamp="2024-06-21T15:56:36 IST" skipped="0">
  <testcase classname="cucumber.options.testRunner" name="runScenario" time="17.592"/>
</testsuite> <!-- cucumber.options.testRunner -->
